<?xml version="1.0" encoding="utf-8"?><testsuites name="pytest tests"><testsuite name="pytest" errors="0" failures="0" skipped="0" tests="18" time="4.294" timestamp="2026-09-12T07:18:40.808143+00:00" hostname="agent-env-5bf376f7-c0b2-42f5-9835-c5dc8c4ee152"><testcase classname="tests.test_iter10_gate_captions" name="test_gate_lead_creates_with_sheet_synced_false" time="0.539" /><testcase classname="tests.test_iter10_gate_captions" name="test_gate_lead_appears_in_admin_dashboard" time="0.568" /><testcase classname="tests.test_iter10_gate_captions" name="test_lead_creation_never_500_when_webhook_empty" time="0.875" /><testcase classname="tests.test_iter10_gate_captions" name="test_caption_file_served[en-recovery-1]" time="0.117" /><testcase classname="tests.test_iter10_gate_captions" name="test_caption_file_served[en-recovery-2]" time="0.160" /><testcase classname="tests.test_iter10_gate_captions" name="test_caption_file_served[en-recovery-3]" time="0.135" /><testcase classname="tests.test_iter10_gate_captions" name="test_caption_file_served[en-recovery-4]" time="0.142" /><testcase classname="tests.test_iter10_gate_captions" name="test_caption_file_served[en-hero-doctor]" time="0.159" /><testcase classname="tests.test_iter10_gate_captions" name="test_caption_file_served[hi-recovery-1]" time="0.114" /><testcase classname="tests.test_iter10_gate_captions" name="test_caption_file_served[hi-recovery-2]" time="0.112" /><testcase classname="tests.test_iter10_gate_captions" name="test_caption_file_served[hi-recovery-3]" time="0.117" /><testcase classname="tests.test_iter10_gate_captions" name="test_caption_file_served[hi-recovery-4]" time="0.139" /><testcase classname="tests.test_iter10_gate_captions" name="test_caption_file_served[hi-hero-doctor]" time="0.114" /><testcase classname="tests.test_iter10_gate_captions" name="test_hinglish_caption_no_devanagari[recovery-1]" time="0.115" /><testcase classname="tests.test_iter10_gate_captions" name="test_hinglish_caption_no_devanagari[recovery-2]" time="0.119" /><testcase classname="tests.test_iter10_gate_captions" name="test_hinglish_caption_no_devanagari[recovery-3]" time="0.128" /><testcase classname="tests.test_iter10_gate_captions" name="test_hinglish_caption_no_devanagari[recovery-4]" time="0.138" /><testcase classname="tests.test_iter10_gate_captions" name="test_hinglish_caption_no_devanagari[hero-doctor]" time="0.110" /></testsuite></testsuites>