<?xml version="1.0" encoding="utf-8"?><testsuites name="pytest tests"><testsuite name="pytest" errors="0" failures="0" skipped="0" tests="4" time="3.604" timestamp="2026-08-06T06:45:49.800842+00:00" hostname="agent-env-5bf376f7-c0b2-42f5-9835-c5dc8c4ee152"><testcase classname="tests.test_leads" name="test_root" time="0.239" /><testcase classname="tests.test_leads" name="test_create_selfcheck_lead" time="2.587" /><testcase classname="tests.test_leads" name="test_create_booking_lead" time="0.229" /><testcase classname="tests.test_leads" name="test_list_leads_newest_first" time="0.042" /></testsuite></testsuites>