<?xml version="1.0" encoding="utf-8"?><testsuites name="pytest tests"><testsuite name="pytest" errors="0" failures="0" skipped="0" tests="13" time="3.954" timestamp="2026-09-08T09:18:13.453748+00:00" hostname="agent-env-5bf376f7-c0b2-42f5-9835-c5dc8c4ee152"><testcase classname="tests.test_admin" name="test_admin_login_wrong_passcode" time="0.337" /><testcase classname="tests.test_admin" name="test_admin_login_correct" time="0.080" /><testcase classname="tests.test_admin" name="test_admin_me_valid" time="0.092" /><testcase classname="tests.test_admin" name="test_admin_me_garbage_token" time="0.076" /><testcase classname="tests.test_admin" name="test_admin_me_no_header" time="0.131" /><testcase classname="tests.test_admin" name="test_leads_requires_auth" time="0.124" /><testcase classname="tests.test_admin" name="test_leads_list_with_auth" time="0.080" /><testcase classname="tests.test_admin" name="test_public_lead_create_selfcheck" time="0.495" /><testcase classname="tests.test_admin" name="test_public_lead_create_booking_form_selfcheck" time="0.374" /><testcase classname="tests.test_admin" name="test_patch_status_success_and_persist" time="0.559" /><testcase classname="tests.test_admin" name="test_patch_status_invalid_value" time="0.419" /><testcase classname="tests.test_admin" name="test_patch_status_unknown_id" time="0.118" /><testcase classname="tests.test_admin" name="test_patch_status_requires_auth" time="0.137" /></testsuite></testsuites>